<?xml version="1.0" encoding="UTF-8"?>
<testsuite xmlns:xsi="http://www.w3.org/2001/XMLSchema-instance" xsi:noNamespaceSchemaLocation="https://maven.apache.org/surefire/maven-surefire-plugin/xsd/surefire-test-report-3.0.xsd" version="3.0" name="com.javatutor.instrumentation.InstrumenterTest" time="1.646" tests="2" errors="0" skipped="0" failures="0">
  <properties>
[...]
</properties>
  <testcase name="testBubbleSortInstrumentationCompilesAndRuns" classname="com.javatutor.instrumentation.InstrumenterTest" time="1.264">
    <system-out><![CDATA[=== Instrumented code ===
public class UserCode {
    public static void main(String[] args) {
        int[] arr = {5, 3, 8};
        TraceEngine.record(4, 3, java.util.Map.of("arr", arr, "args", args));
        int n = arr.length;
        TraceEngine.record(5, 4, java.util.Map.of("arr", arr, "n", n, "args", args));
        for (int i = 0; i < n - 1; i++) {
            for (int j = 0; j < n - i - 1; j++) {
                if (arr[j] > arr[j + 1]) {
                    int temp = arr[j];
                    TraceEngine.record(1, 8, java.util.Map.of("temp", temp, "j", j, "i", i, "arr", arr, "n", n, "args", args));
                    arr[j] = arr[j + 1];
                    TraceEngine.record(2, 9, java.util.Map.of("temp", temp, "j", j, "i", i, "arr", arr, "n", n, "args", args));
                    arr[j + 1] = temp;
                    TraceEngine.record(3, 10, java.util.Map.of("temp", temp, "j", j, "i", i, "arr", arr, "n", n, "args", args));
                }
            }
        }
    }
}

=========================
=== Steps (5 total) ===
  step=4 line=3 vars={arr=[I@64a1923a, args=[Ljava.lang.String;@7d2a6eac}
  step=5 line=4 vars={arr=[I@64a1923a, n=3, args=[Ljava.lang.String;@7d2a6eac}
  step=1 line=8 vars={temp=5, arr=[I@64a1923a, n=3, i=0, j=0, args=[Ljava.lang.String;@7d2a6eac}
  step=2 line=9 vars={temp=5, arr=[I@64a1923a, n=3, i=0, j=0, args=[Ljava.lang.String;@7d2a6eac}
  step=3 line=10 vars={temp=5, arr=[I@64a1923a, n=3, i=0, j=0, args=[Ljava.lang.String;@7d2a6eac}
=========================
]]></system-out>
  </testcase>
  <testcase name="testDeepNestedVariableNotLeakedToOuterScope" classname="com.javatutor.instrumentation.InstrumenterTest" time="0.362"/>
</testsuite>